<?xml version="1.0" encoding="UTF-8"?>
<!-- Generated by org.testng.reporters.JUnitReportReporter -->
<testsuite hostname="ios-dev001.local" failures="0" tests="1" name="demo1" time="0.033" errors="0" timestamp="13 Jun 2018 04:16:33 GMT" skipped="0">
  <testcase classname="demo1" name="login_test" time="0.033"/>
</testsuite> <!-- demo1 -->
